<?xml version="1.0" encoding="UTF-8"?>
<!-- Generated by org.testng.reporters.JUnitXMLReporter -->
<testsuite ignored="0" hostname="DESKTOP-H00KT5A" failures="0" tests="7" name="Test" time="122.024" errors="0" timestamp="2020-09-14T16:22:14 IST">
  <testcase classname="com.crm.qa.testcases.LoginPageTestCase" name="loginPageTitleTest" time="0.073"/>
  <testcase classname="com.crm.qa.testcases.LoginPageTestCase" name="crmLogoImageTest" time="0.231"/>
  <testcase classname="com.crm.qa.testcases.LoginPageTestCase" name="loginTest" time="5.176"/>
  <testcase classname="com.crm.qa.testcases.HomePageTestCase" name="verifyHomePageTitleTest" time="0.018"/>
  <testcase classname="com.crm.qa.testcases.HomePageTestCase" name="verifyUserNameTest" time="3.529"/>
  <testcase classname="com.crm.qa.testcases.HomePageTestCase" name="verifyContactTest" time="3.716"/>
  <testcase classname="com.crm.qa.testcases.ContactsPageTestCase" name="validateCreateNewContact" time="4.157"/>
</testsuite> <!-- Test -->
