<?xml version="1.0" encoding="UTF-8"?>
<!-- Generated by org.testng.reporters.JUnitXMLReporter -->
<testsuite ignored="0" hostname="DESKTOP-H00KT5A" failures="1" tests="12" name="Test" time="227.788" errors="0" timestamp="2020-09-17T15:47:45 IST">
  <testcase classname="com.crm.qa.testcases.LoginPageTestCase" name="loginPageTitleTest" time="0.511">
    <failure type="java.lang.AssertionError" message="expected [Free CRM #1 cloud software for any business large or small] but found [CRM says…]">
      <![CDATA[java.lang.AssertionError: expected [Free CRM #1 cloud software for any business large or small] but found [CRM says…]
at com.crm.qa.testcases.LoginPageTestCase.loginPageTitleTest(LoginPageTestCase.java:31)
at java.base/java.util.ArrayList.forEach(ArrayList.java:1511)
... Removed 33 stack frames]]>
    </failure>
  </testcase> <!-- loginPageTitleTest -->
  <testcase classname="com.crm.qa.testcases.LoginPageTestCase" name="crmLogoImageTest" time="0.192"/>
  <testcase classname="com.crm.qa.testcases.LoginPageTestCase" name="loginTest" time="5.776"/>
  <testcase classname="com.crm.qa.testcases.HomePageTestCase" name="verifyHomePageTitleTest" time="0.027"/>
  <testcase classname="com.crm.qa.testcases.HomePageTestCase" name="verifyUserNameTest" time="2.324"/>
  <testcase classname="com.crm.qa.testcases.HomePageTestCase" name="verifyContactTest" time="2.678"/>
  <testcase classname="com.crm.qa.testcases.ContactsPageTestCase" name="verifyConatactsLabelTest" time="0.162"/>
  <testcase classname="com.crm.qa.testcases.ContactsPageTestCase" name="selectContact" time="1.667"/>
  <testcase classname="com.crm.qa.testcases.ContactsPageTestCase" name="selectMultipleContacts" time="1.496"/>
  <testcase classname="com.crm.qa.testcases.ContactsPageTestCase" name="validateCreateNewContact" time="3.171"/>
  <testcase classname="com.crm.qa.testcases.ContactsPageTestCase" name="validateCreateNewContact" time="2.518"/>
  <testcase classname="com.crm.qa.testcases.ContactsPageTestCase" name="validateCreateNewContact" time="4.122"/>
</testsuite> <!-- Test -->
